# JRE version: OpenJDK Runtime Environment (8.0_242-b01) (build 1.8.0_242-release-1644-b01)
# Java VM: OpenJDK 64-Bit Server VM (25.242-b01 mixed mode windows-amd64 compressed oops)
Heap:
 PSYoungGen      total 640512K, used 305369K [0x00000000d5580000, 0x00000000fff00000, 0x0000000100000000)
  eden space 583680K, 50% used [0x00000000d5580000,0x00000000e7577760,0x00000000f8f80000)
  from space 56832K, 21% used [0x00000000f8f80000,0x00000000f9b3e5f0,0x00000000fc700000)
  to   space 55808K, 0% used [0x00000000fc880000,0x00000000fc880000,0x00000000fff00000)
 ParOldGen       total 320000K, used 247621K [0x0000000080000000, 0x0000000093880000, 0x00000000d5580000)
  object space 320000K, 77% used [0x0000000080000000,0x000000008f1d16d0,0x0000000093880000)
 Metaspace       used 95153K, capacity 100438K, committed 100824K, reserved 1136640K
  class space    used 12437K, capacity 13410K, committed 13528K, reserved 1048576K
GC Heap History (10 events):
Event: 153.926 GC heap before
{Heap before GC invocations=41 (full 6):
 PSYoungGen      total 626688K, used 581120K [0x00000000d5580000, 0x0000000100000000, 0x0000000100000000)
  eden space 581120K, 100% used [0x00000000d5580000,0x00000000f8d00000,0x00000000f8d00000)
  from space 45568K, 0% used [0x00000000fd380000,0x00000000fd380000,0x0000000100000000)
  to   space 58880K, 0% used [0x00000000f8d00000,0x00000000f8d00000,0x00000000fc680000)
 ParOldGen       total 320000K, used 184842K [0x0000000080000000, 0x0000000093880000, 0x00000000d5580000)
  object space 320000K, 57% used [0x0000000080000000,0x000000008b4829a8,0x0000000093880000)
 Metaspace       used 95109K, capacity 100354K, committed 100824K, reserved 1136640K
  class space    used 12436K, capacity 13408K, committed 13528K, reserved 1048576K
Event: 153.963 GC heap after
Heap after GC invocations=41 (full 6):
 PSYoungGen      total 640000K, used 15908K [0x00000000d5580000, 0x0000000100000000, 0x0000000100000000)
  eden space 581120K, 0% used [0x00000000d5580000,0x00000000d5580000,0x00000000f8d00000)
  from space 58880K, 27% used [0x00000000f8d00000,0x00000000f9c89218,0x00000000fc680000)
  to   space 57856K, 0% used [0x00000000fc780000,0x00000000fc780000,0x0000000100000000)
 ParOldGen       total 320000K, used 184850K [0x0000000080000000, 0x0000000093880000, 0x00000000d5580000)
  object space 320000K, 57% used [0x0000000080000000,0x000000008b4849a8,0x0000000093880000)
 Metaspace       used 95109K, capacity 100354K, committed 100824K, reserved 1136640K
  class space    used 12436K, capacity 13408K, committed 13528K, reserved 1048576K
}
Event: 205.941 GC heap before
{Heap before GC invocations=42 (full 6):
 PSYoungGen      total 640000K, used 597028K [0x00000000d5580000, 0x0000000100000000, 0x0000000100000000)
  eden space 581120K, 100% used [0x00000000d5580000,0x00000000f8d00000,0x00000000f8d00000)
  from space 58880K, 27% used [0x00000000f8d00000,0x00000000f9c89218,0x00000000fc680000)
  to   space 57856K, 0% used [0x00000000fc780000,0x00000000fc780000,0x0000000100000000)
 ParOldGen       total 320000K, used 184850K [0x0000000080000000, 0x0000000093880000, 0x00000000d5580000)
  object space 320000K, 57% used [0x0000000080000000,0x000000008b4849a8,0x0000000093880000)
 Metaspace       used 95112K, capacity 100418K, committed 100824K, reserved 1136640K
  class space    used 12436K, capacity 13408K, committed 13528K, reserved 1048576K
Event: 206.295 GC heap after
Heap after GC invocations=42 (full 6):
 PSYoungGen      total 638976K, used 35385K [0x00000000d5580000, 0x00000000fff00000, 0x0000000100000000)
  eden space 582144K, 0% used [0x00000000d5580000,0x00000000d5580000,0x00000000f8e00000)
  from space 56832K, 62% used [0x00000000fc780000,0x00000000fea0e618,0x00000000fff00000)
  to   space 57856K, 0% used [0x00000000f8e00000,0x00000000f8e00000,0x00000000fc680000)
 ParOldGen       total 320000K, used 197887K [0x0000000080000000, 0x0000000093880000, 0x00000000d5580000)
  object space 320000K, 61% used [0x0000000080000000,0x000000008c13ff08,0x0000000093880000)
 Metaspace       used 95112K, capacity 100418K, committed 100824K, reserved 1136640K
  class space    used 12436K, capacity 13408K, committed 13528K, reserved 1048576K
}
Event: 207.348 GC heap before
{Heap before GC invocations=43 (full 6):
 PSYoungGen      total 638976K, used 617529K [0x00000000d5580000, 0x00000000fff00000, 0x0000000100000000)
  eden space 582144K, 100% used [0x00000000d5580000,0x00000000f8e00000,0x00000000f8e00000)
  from space 56832K, 62% used [0x00000000fc780000,0x00000000fea0e618,0x00000000fff00000)
  to   space 57856K, 0% used [0x00000000f8e00000,0x00000000f8e00000,0x00000000fc680000)
 ParOldGen       total 320000K, used 197887K [0x0000000080000000, 0x0000000093880000, 0x00000000d5580000)
  object space 320000K, 61% used [0x0000000080000000,0x000000008c13ff08,0x0000000093880000)
 Metaspace       used 95116K, capacity 100426K, committed 100824K, reserved 1136640K
  class space    used 12436K, capacity 13408K, committed 13528K, reserved 1048576K
Event: 207.407 GC heap after
Heap after GC invocations=43 (full 6):
 PSYoungGen      total 640000K, used 12299K [0x00000000d5580000, 0x0000000100000000, 0x0000000100000000)
  eden space 582144K, 0% used [0x00000000d5580000,0x00000000d5580000,0x00000000f8e00000)
  from space 57856K, 21% used [0x00000000f8e00000,0x00000000f9a02c48,0x00000000fc680000)
  to   space 57344K, 0% used [0x00000000fc800000,0x00000000fc800000,0x0000000100000000)
 ParOldGen       total 320000K, used 230207K [0x0000000080000000, 0x0000000093880000, 0x00000000d5580000)
  object space 320000K, 71% used [0x0000000080000000,0x000000008e0cfef8,0x0000000093880000)
 Metaspace       used 95116K, capacity 100426K, committed 100824K, reserved 1136640K
  class space    used 12436K, capacity 13408K, committed 13528K, reserved 1048576K
}
Event: 208.096 GC heap before
{Heap before GC invocations=44 (full 6):
 PSYoungGen      total 640000K, used 594443K [0x00000000d5580000, 0x0000000100000000, 0x0000000100000000)
  eden space 582144K, 100% used [0x00000000d5580000,0x00000000f8e00000,0x00000000f8e00000)
  from space 57856K, 21% used [0x00000000f8e00000,0x00000000f9a02c48,0x00000000fc680000)
  to   space 57344K, 0% used [0x00000000fc800000,0x00000000fc800000,0x0000000100000000)
 ParOldGen       total 320000K, used 230207K [0x0000000080000000, 0x0000000093880000, 0x00000000d5580000)
  object space 320000K, 71% used [0x0000000080000000,0x000000008e0cfef8,0x0000000093880000)
 Metaspace       used 95124K, capacity 100426K, committed 100824K, reserved 1136640K
  class space    used 12436K, capacity 13408K, committed 13528K, reserved 1048576K
Event: 208.129 GC heap after
Heap after GC invocations=44 (full 6):
 PSYoungGen      total 639488K, used 10507K [0x00000000d5580000, 0x00000000ffe80000, 0x0000000100000000)
  eden space 583680K, 0% used [0x00000000d5580000,0x00000000d5580000,0x00000000f8f80000)
  from space 55808K, 18% used [0x00000000fc800000,0x00000000fd242f98,0x00000000ffe80000)
  to   space 56832K, 0% used [0x00000000f8f80000,0x00000000f8f80000,0x00000000fc700000)
 ParOldGen       total 320000K, used 239819K [0x0000000080000000, 0x0000000093880000, 0x00000000d5580000)
  object space 320000K, 74% used [0x0000000080000000,0x000000008ea32f90,0x0000000093880000)
 Metaspace       used 95124K, capacity 100426K, committed 100824K, reserved 1136640K
  class space    used 12436K, capacity 13408K, committed 13528K, reserved 1048576K
}
Event: 208.957 GC heap before
{Heap before GC invocations=45 (full 6):
 PSYoungGen      total 639488K, used 594187K [0x00000000d5580000, 0x00000000ffe80000, 0x0000000100000000)
  eden space 583680K, 100% used [0x00000000d5580000,0x00000000f8f80000,0x00000000f8f80000)
  from space 55808K, 18% used [0x00000000fc800000,0x00000000fd242f98,0x00000000ffe80000)
  to   space 56832K, 0% used [0x00000000f8f80000,0x00000000f8f80000,0x00000000fc700000)
 ParOldGen       total 320000K, used 239819K [0x0000000080000000, 0x0000000093880000, 0x00000000d5580000)
  object space 320000K, 74% used [0x0000000080000000,0x000000008ea32f90,0x0000000093880000)
 Metaspace       used 95137K, capacity 100426K, committed 100824K, reserved 1136640K
  class space    used 12436K, capacity 13408K, committed 13528K, reserved 1048576K
Event: 208.996 GC heap after
Heap after GC invocations=45 (full 6):
 PSYoungGen      total 640512K, used 12025K [0x00000000d5580000, 0x00000000fff00000, 0x0000000100000000)
  eden space 583680K, 0% used [0x00000000d5580000,0x00000000d5580000,0x00000000f8f80000)
  from space 56832K, 21% used [0x00000000f8f80000,0x00000000f9b3e5f0,0x00000000fc700000)
  to   space 55808K, 0% used [0x00000000fc880000,0x00000000fc880000,0x00000000fff00000)
 ParOldGen       total 320000K, used 247621K [0x0000000080000000, 0x0000000093880000, 0x00000000d5580000)
  object space 320000K, 77% used [0x0000000080000000,0x000000008f1d16d0,0x0000000093880000)
 Metaspace       used 95137K, capacity 100426K, committed 100824K, reserved 1136640K
  class space    used 12436K, capacity 13408K, committed 13528K, reserved 1048576K
}

